;  LST file generated by mikroListExporter - v.2.0 
; Date/Time: 10/10/2020 6:23:57 PM
;----------------------------------------------

;Address Opcode 	ASM
0x0000	0x29E6      	GOTO       486
_Delay_1us:
;__Lib_Delays.c,7 :: 		void Delay_1us() {
;__Lib_Delays.c,8 :: 		Delay_us(1);
0x0003	0x0000      	NOP
;__Lib_Delays.c,9 :: 		}
L_end_Delay_1us:
0x0004	0x0008      	RETURN
; end of _Delay_1us
_Delay_50us:
;__Lib_Delays.c,19 :: 		void Delay_50us() {
;__Lib_Delays.c,20 :: 		Delay_us(50);
0x0005	0x3010      	MOVLW      16
0x0006	0x1283      	BCF        STATUS, 5
0x0007	0x1303      	BCF        STATUS, 6
0x0008	0x00FD      	MOVWF      R13
L_Delay_50us2:
0x0009	0x0BFD      	DECFSZ     R13, 1
0x000A	0x2809      	GOTO       L_Delay_50us2
0x000B	0x0000      	NOP
;__Lib_Delays.c,21 :: 		}
L_end_Delay_50us:
0x000C	0x0008      	RETURN
; end of _Delay_50us
_Delay_5500us:
;__Lib_Delays.c,31 :: 		void Delay_5500us() {
;__Lib_Delays.c,32 :: 		Delay_us(5500);
0x000D	0x3008      	MOVLW      8
0x000E	0x1283      	BCF        STATUS, 5
0x000F	0x1303      	BCF        STATUS, 6
0x0010	0x00FC      	MOVWF      R12
0x0011	0x3023      	MOVLW      35
0x0012	0x00FD      	MOVWF      R13
L_Delay_5500us5:
0x0013	0x0BFD      	DECFSZ     R13, 1
0x0014	0x2813      	GOTO       L_Delay_5500us5
0x0015	0x0BFC      	DECFSZ     R12, 1
0x0016	0x2813      	GOTO       L_Delay_5500us5
;__Lib_Delays.c,33 :: 		}
L_end_Delay_5500us:
0x0017	0x0008      	RETURN
; end of _Delay_5500us
_Div_16X16_U:
;__Lib_Math.c,215 :: 		
;__Lib_Math.c,222 :: 		
0x0018	0x1283      	BCF        STATUS, 5
;__Lib_Math.c,223 :: 		
0x0019	0x1303      	BCF        STATUS, 6
;__Lib_Math.c,224 :: 		
0x001A	0x01F8      	CLRF       R8
;__Lib_Math.c,225 :: 		
0x001B	0x01F9      	CLRF       R9
;__Lib_Math.c,226 :: 		
0x001C	0x3010      	MOVLW      16
;__Lib_Math.c,227 :: 		
0x001D	0x00FC      	MOVWF      R12
;__Lib_Math.c,228 :: 		
0x001E	0x0D71      	RLF        R1, 0
;__Lib_Math.c,229 :: 		
0x001F	0x0DF8      	RLF        R8, 1
;__Lib_Math.c,230 :: 		
0x0020	0x0DF9      	RLF        R9, 1
;__Lib_Math.c,231 :: 		
0x0021	0x0874      	MOVF       R4, 0
;__Lib_Math.c,232 :: 		
0x0022	0x02F8      	SUBWF      R8, 1
;__Lib_Math.c,233 :: 		
0x0023	0x0875      	MOVF       R5, 0
;__Lib_Math.c,234 :: 		
0x0024	0x1C03      	BTFSS      STATUS, 0
;__Lib_Math.c,235 :: 		
0x0025	0x0F75      	INCFSZ     R5, 0
;__Lib_Math.c,236 :: 		
0x0026	0x02F9      	SUBWF      R9, 1
;__Lib_Math.c,237 :: 		
0x0027	0x1803      	BTFSC      STATUS, 0
;__Lib_Math.c,238 :: 		
0x0028	0x2830      	GOTO       $+8
;__Lib_Math.c,239 :: 		
0x0029	0x0874      	MOVF       R4, 0
;__Lib_Math.c,240 :: 		
0x002A	0x07F8      	ADDWF      R8, 1
;__Lib_Math.c,241 :: 		
0x002B	0x0875      	MOVF       R5, 0
;__Lib_Math.c,242 :: 		
0x002C	0x1803      	BTFSC      STATUS, 0
;__Lib_Math.c,243 :: 		
0x002D	0x0F75      	INCFSZ     R5, 0
;__Lib_Math.c,244 :: 		
0x002E	0x07F9      	ADDWF      R9, 1
;__Lib_Math.c,245 :: 		
0x002F	0x1003      	BCF        STATUS, 0
;__Lib_Math.c,246 :: 		
0x0030	0x0DF0      	RLF        R0, 1
;__Lib_Math.c,247 :: 		
0x0031	0x0DF1      	RLF        R1, 1
;__Lib_Math.c,248 :: 		
0x0032	0x0BFC      	DECFSZ     R12, 1
;__Lib_Math.c,249 :: 		
0x0033	0x281E      	GOTO       $-21
;__Lib_Math.c,251 :: 		
L_end_Div_16X16_U:
0x0034	0x0008      	RETURN
; end of _Div_16X16_U
_Lcd_Cmd:
;__Lib_Lcd.c,18 :: 		
;__Lib_Lcd.c,20 :: 		
0x0035	0x1683      	BSF        STATUS, 5
0x0036	0x1303      	BCF        STATUS, 6
0x0037	0x1BBA      	BTFSC      FARG_Lcd_Cmd_out_char, 7
0x0038	0x283C      	GOTO       L__Lcd_Cmd21
0x0039	0x1283      	BCF        STATUS, 5
0x003A	0x1186      	BCF        LCD_D7, BitPos(LCD_D7+0)
0x003B	0x283E      	GOTO       L__Lcd_Cmd22
L__Lcd_Cmd21:
0x003C	0x1283      	BCF        STATUS, 5
0x003D	0x1586      	BSF        LCD_D7, BitPos(LCD_D7+0)
L__Lcd_Cmd22:
;__Lib_Lcd.c,21 :: 		
0x003E	0x1683      	BSF        STATUS, 5
0x003F	0x1B3A      	BTFSC      FARG_Lcd_Cmd_out_char, 6
0x0040	0x2844      	GOTO       L__Lcd_Cmd23
0x0041	0x1283      	BCF        STATUS, 5
0x0042	0x1106      	BCF        LCD_D6, BitPos(LCD_D6+0)
0x0043	0x2846      	GOTO       L__Lcd_Cmd24
L__Lcd_Cmd23:
0x0044	0x1283      	BCF        STATUS, 5
0x0045	0x1506      	BSF        LCD_D6, BitPos(LCD_D6+0)
L__Lcd_Cmd24:
;__Lib_Lcd.c,22 :: 		
0x0046	0x1683      	BSF        STATUS, 5
0x0047	0x1ABA      	BTFSC      FARG_Lcd_Cmd_out_char, 5
0x0048	0x284C      	GOTO       L__Lcd_Cmd25
0x0049	0x1283      	BCF        STATUS, 5
0x004A	0x1086      	BCF        LCD_D5, BitPos(LCD_D5+0)
0x004B	0x284E      	GOTO       L__Lcd_Cmd26
L__Lcd_Cmd25:
0x004C	0x1283      	BCF        STATUS, 5
0x004D	0x1486      	BSF        LCD_D5, BitPos(LCD_D5+0)
L__Lcd_Cmd26:
;__Lib_Lcd.c,23 :: 		
0x004E	0x1683      	BSF        STATUS, 5
0x004F	0x1A3A      	BTFSC      FARG_Lcd_Cmd_out_char, 4
0x0050	0x2854      	GOTO       L__Lcd_Cmd27
0x0051	0x1283      	BCF        STATUS, 5
0x0052	0x1006      	BCF        LCD_D4, BitPos(LCD_D4+0)
0x0053	0x2856      	GOTO       L__Lcd_Cmd28
L__Lcd_Cmd27:
0x0054	0x1283      	BCF        STATUS, 5
0x0055	0x1406      	BSF        LCD_D4, BitPos(LCD_D4+0)
L__Lcd_Cmd28:
;__Lib_Lcd.c,25 :: 		
0x0056	0x1855      	BTFSC      __Lib_Lcd_cmd_status, BitPos(__Lib_Lcd_cmd_status+0)
0x0057	0x285A      	GOTO       L__Lcd_Cmd29
0x0058	0x1606      	BSF        LCD_RS, BitPos(LCD_RS+0)
0x0059	0x285B      	GOTO       L__Lcd_Cmd30
L__Lcd_Cmd29:
0x005A	0x1206      	BCF        LCD_RS, BitPos(LCD_RS+0)
L__Lcd_Cmd30:
;__Lib_Lcd.c,28 :: 		
0x005B	0x1686      	BSF        LCD_EN, BitPos(LCD_EN+0)
;__Lib_Lcd.c,29 :: 		
0x005C	0x2003      	CALL       _Delay_1us
;__Lib_Lcd.c,30 :: 		
0x005D	0x1286      	BCF        LCD_EN, BitPos(LCD_EN+0)
;__Lib_Lcd.c,33 :: 		
0x005E	0x1683      	BSF        STATUS, 5
0x005F	0x19BA      	BTFSC      FARG_Lcd_Cmd_out_char, 3
0x0060	0x2864      	GOTO       L__Lcd_Cmd31
0x0061	0x1283      	BCF        STATUS, 5
0x0062	0x1186      	BCF        LCD_D7, BitPos(LCD_D7+0)
0x0063	0x2866      	GOTO       L__Lcd_Cmd32
L__Lcd_Cmd31:
0x0064	0x1283      	BCF        STATUS, 5
0x0065	0x1586      	BSF        LCD_D7, BitPos(LCD_D7+0)
L__Lcd_Cmd32:
;__Lib_Lcd.c,34 :: 		
0x0066	0x1683      	BSF        STATUS, 5
0x0067	0x193A      	BTFSC      FARG_Lcd_Cmd_out_char, 2
0x0068	0x286C      	GOTO       L__Lcd_Cmd33
0x0069	0x1283      	BCF        STATUS, 5
0x006A	0x1106      	BCF        LCD_D6, BitPos(LCD_D6+0)
0x006B	0x286E      	GOTO       L__Lcd_Cmd34
L__Lcd_Cmd33:
0x006C	0x1283      	BCF        STATUS, 5
0x006D	0x1506      	BSF        LCD_D6, BitPos(LCD_D6+0)
L__Lcd_Cmd34:
;__Lib_Lcd.c,35 :: 		
0x006E	0x1683      	BSF        STATUS, 5
0x006F	0x18BA      	BTFSC      FARG_Lcd_Cmd_out_char, 1
0x0070	0x2874      	GOTO       L__Lcd_Cmd35
0x0071	0x1283      	BCF        STATUS, 5
0x0072	0x1086      	BCF        LCD_D5, BitPos(LCD_D5+0)
0x0073	0x2876      	GOTO       L__Lcd_Cmd36
L__Lcd_Cmd35:
0x0074	0x1283      	BCF        STATUS, 5
0x0075	0x1486      	BSF        LCD_D5, BitPos(LCD_D5+0)
L__Lcd_Cmd36:
;__Lib_Lcd.c,36 :: 		
0x0076	0x1683      	BSF        STATUS, 5
0x0077	0x183A      	BTFSC      FARG_Lcd_Cmd_out_char, 0
0x0078	0x287C      	GOTO       L__Lcd_Cmd37
0x0079	0x1283      	BCF        STATUS, 5
0x007A	0x1006      	BCF        LCD_D4, BitPos(LCD_D4+0)
0x007B	0x287E      	GOTO       L__Lcd_Cmd38
L__Lcd_Cmd37:
0x007C	0x1283      	BCF        STATUS, 5
0x007D	0x1406      	BSF        LCD_D4, BitPos(LCD_D4+0)
L__Lcd_Cmd38:
;__Lib_Lcd.c,38 :: 		
0x007E	0x1855      	BTFSC      __Lib_Lcd_cmd_status, BitPos(__Lib_Lcd_cmd_status+0)
0x007F	0x2882      	GOTO       L__Lcd_Cmd39
0x0080	0x1606      	BSF        LCD_RS, BitPos(LCD_RS+0)
0x0081	0x2883      	GOTO       L__Lcd_Cmd40
L__Lcd_Cmd39:
0x0082	0x1206      	BCF        LCD_RS, BitPos(LCD_RS+0)
L__Lcd_Cmd40:
;__Lib_Lcd.c,40 :: 		
0x0083	0x1686      	BSF        LCD_EN, BitPos(LCD_EN+0)
;__Lib_Lcd.c,41 :: 		
0x0084	0x2003      	CALL       _Delay_1us
;__Lib_Lcd.c,42 :: 		
0x0085	0x1286      	BCF        LCD_EN, BitPos(LCD_EN+0)
;__Lib_Lcd.c,44 :: 		
0x0086	0x1C55      	BTFSS      __Lib_Lcd_cmd_status, BitPos(__Lib_Lcd_cmd_status+0)
0x0087	0x288A      	GOTO       L_Lcd_Cmd0
;__Lib_Lcd.c,45 :: 		
0x0088	0x200D      	CALL       _Delay_5500us
0x0089	0x288B      	GOTO       L_Lcd_Cmd1
L_Lcd_Cmd0:
;__Lib_Lcd.c,47 :: 		
0x008A	0x2005      	CALL       _Delay_50us
L_Lcd_Cmd1:
;__Lib_Lcd.c,48 :: 		
L_end_Lcd_Cmd:
0x008B	0x0008      	RETURN
; end of _Lcd_Cmd
_Lcd_Chr_CP:
;__Lib_Lcd.c,50 :: 		
;__Lib_Lcd.c,52 :: 		
0x008C	0x1283      	BCF        STATUS, 5
0x008D	0x1303      	BCF        STATUS, 6
0x008E	0x1055      	BCF        __Lib_Lcd_cmd_status, BitPos(__Lib_Lcd_cmd_status+0)
;__Lib_Lcd.c,53 :: 		
0x008F	0x1683      	BSF        STATUS, 5
0x0090	0x0835      	MOVF       FARG_Lcd_Chr_CP_out_char, 0
0x0091	0x00BA      	MOVWF      FARG_Lcd_Cmd_out_char
0x0092	0x2035      	CALL       _Lcd_Cmd
;__Lib_Lcd.c,54 :: 		
0x0093	0x1455      	BSF        __Lib_Lcd_cmd_status, BitPos(__Lib_Lcd_cmd_status+0)
;__Lib_Lcd.c,55 :: 		
L_end_Lcd_Chr_CP:
0x0094	0x0008      	RETURN
; end of _Lcd_Chr_CP
_____DoICP:
;__Lib_System.c,6 :: 		
;__Lib_System.c,9 :: 		
0x0095	0x1283      	BCF        STATUS, 5
0x0096	0x1303      	BCF        STATUS, 6
0x0097	0x0857      	MOVF       ___DoICPAddr+1, 0
0x0098	0x008A      	MOVWF      PCLATH
;__Lib_System.c,10 :: 		
0x0099	0x0856      	MOVF       ___DoICPAddr, 0
0x009A	0x0082      	MOVWF      PCL
;__Lib_System.c,12 :: 		
L_end_____DoICP:
0x009B	0x0008      	RETURN
; end of _____DoICP
_WordToStr:
;__Lib_Conversions.c,98 :: 		
;__Lib_Conversions.c,103 :: 		
0x009C	0x1683      	BSF        STATUS, 5
0x009D	0x1303      	BCF        STATUS, 6
0x009E	0x01B8      	CLRF       WordToStr_len_L0
L_WordToStr11:
0x009F	0x3005      	MOVLW      5
0x00A0	0x0238      	SUBWF      WordToStr_len_L0, 0
0x00A1	0x1803      	BTFSC      STATUS, 0
0x00A2	0x28AA      	GOTO       L_WordToStr12
;__Lib_Conversions.c,104 :: 		
0x00A3	0x0838      	MOVF       WordToStr_len_L0, 0
0x00A4	0x0737      	ADDWF      FARG_WordToStr_output, 0
0x00A5	0x0084      	MOVWF      FSR
0x00A6	0x3020      	MOVLW      32
0x00A7	0x0080      	MOVWF      INDF
;__Lib_Conversions.c,103 :: 		
0x00A8	0x0AB8      	INCF       WordToStr_len_L0, 1
;__Lib_Conversions.c,104 :: 		
0x00A9	0x289F      	GOTO       L_WordToStr11
L_WordToStr12:
;__Lib_Conversions.c,105 :: 		
0x00AA	0x0838      	MOVF       WordToStr_len_L0, 0
0x00AB	0x0737      	ADDWF      FARG_WordToStr_output, 0
0x00AC	0x0084      	MOVWF      FSR
0x00AD	0x0180      	CLRF       INDF
0x00AE	0x03B8      	DECF       WordToStr_len_L0, 1
;__Lib_Conversions.c,107 :: 		
L_WordToStr14:
;__Lib_Conversions.c,108 :: 		
0x00AF	0x0838      	MOVF       WordToStr_len_L0, 0
0x00B0	0x0737      	ADDWF      FARG_WordToStr_output, 0
0x00B1	0x00B9      	MOVWF      FLOC__WordToStr
0x00B2	0x300A      	MOVLW      10
0x00B3	0x00F4      	MOVWF      R4
0x00B4	0x01F5      	CLRF       R4+1
0x00B5	0x0835      	MOVF       FARG_WordToStr_input, 0
0x00B6	0x00F0      	MOVWF      R0
0x00B7	0x0836      	MOVF       FARG_WordToStr_input+1, 0
0x00B8	0x00F1      	MOVWF      R0+1
0x00B9	0x2018      	CALL       _Div_16X16_U
0x00BA	0x0878      	MOVF       R8, 0
0x00BB	0x00F0      	MOVWF      R0
0x00BC	0x0879      	MOVF       R8+1, 0
0x00BD	0x00F1      	MOVWF      R0+1
0x00BE	0x3030      	MOVLW      48
0x00BF	0x07F0      	ADDWF      R0, 1
0x00C0	0x1683      	BSF        STATUS, 5
0x00C1	0x0839      	MOVF       FLOC__WordToStr, 0
0x00C2	0x0084      	MOVWF      FSR
0x00C3	0x0870      	MOVF       R0, 0
0x00C4	0x0080      	MOVWF      INDF
;__Lib_Conversions.c,109 :: 		
0x00C5	0x300A      	MOVLW      10
0x00C6	0x00F4      	MOVWF      R4
0x00C7	0x01F5      	CLRF       R4+1
0x00C8	0x0835      	MOVF       FARG_WordToStr_input, 0
0x00C9	0x00F0      	MOVWF      R0
0x00CA	0x0836      	MOVF       FARG_WordToStr_input+1, 0
0x00CB	0x00F1      	MOVWF      R0+1
0x00CC	0x2018      	CALL       _Div_16X16_U
0x00CD	0x0870      	MOVF       R0, 0
0x00CE	0x1683      	BSF        STATUS, 5
0x00CF	0x00B5      	MOVWF      FARG_WordToStr_input
0x00D0	0x0871      	MOVF       R0+1, 0
0x00D1	0x00B6      	MOVWF      FARG_WordToStr_input+1
;__Lib_Conversions.c,110 :: 		
0x00D2	0x3000      	MOVLW      0
0x00D3	0x0671      	XORWF      R0+1, 0
0x00D4	0x1D03      	BTFSS      STATUS, 2
0x00D5	0x28D8      	GOTO       L__WordToStr379
0x00D6	0x3000      	MOVLW      0
0x00D7	0x0670      	XORWF      R0, 0
L__WordToStr379:
0x00D8	0x1D03      	BTFSS      STATUS, 2
0x00D9	0x28DB      	GOTO       L_WordToStr16
;__Lib_Conversions.c,111 :: 		
0x00DA	0x28DD      	GOTO       L_WordToStr15
L_WordToStr16:
;__Lib_Conversions.c,112 :: 		
0x00DB	0x03B8      	DECF       WordToStr_len_L0, 1
;__Lib_Conversions.c,113 :: 		
0x00DC	0x28AF      	GOTO       L_WordToStr14
L_WordToStr15:
;__Lib_Conversions.c,114 :: 		
L_end_WordToStr:
0x00DD	0x0008      	RETURN
; end of _WordToStr
_IntToStr:
;__Lib_Conversions.c,195 :: 		
;__Lib_Conversions.c,201 :: 		
0x00DE	0x1683      	BSF        STATUS, 5
0x00DF	0x1303      	BCF        STATUS, 6
0x00E0	0x01B1      	CLRF       IntToStr_negative_L0
0x00E1	0x01B2      	CLRF       IntToStr_negative_L0+1
;__Lib_Conversions.c,202 :: 		
0x00E2	0x082C      	MOVF       FARG_IntToStr_input, 0
0x00E3	0x00B3      	MOVWF      IntToStr_inword_L0
0x00E4	0x082D      	MOVF       FARG_IntToStr_input+1, 0
0x00E5	0x00B4      	MOVWF      IntToStr_inword_L0+1
;__Lib_Conversions.c,203 :: 		
0x00E6	0x3080      	MOVLW      128
0x00E7	0x062D      	XORWF      FARG_IntToStr_input+1, 0
0x00E8	0x00F0      	MOVWF      R0
0x00E9	0x3080      	MOVLW      128
0x00EA	0x0270      	SUBWF      R0, 0
0x00EB	0x1D03      	BTFSS      STATUS, 2
0x00EC	0x28EF      	GOTO       L__IntToStr387
0x00ED	0x3000      	MOVLW      0
0x00EE	0x022C      	SUBWF      FARG_IntToStr_input, 0
L__IntToStr387:
0x00EF	0x1803      	BTFSC      STATUS, 0
0x00F0	0x28FD      	GOTO       L_IntToStr37
;__Lib_Conversions.c,204 :: 		
0x00F1	0x3001      	MOVLW      1
0x00F2	0x00B1      	MOVWF      IntToStr_negative_L0
0x00F3	0x3000      	MOVLW      0
0x00F4	0x00B2      	MOVWF      IntToStr_negative_L0+1
;__Lib_Conversions.c,205 :: 		
0x00F5	0x082C      	MOVF       FARG_IntToStr_input, 0
0x00F6	0x3C00      	SUBLW      0
0x00F7	0x00B3      	MOVWF      IntToStr_inword_L0
0x00F8	0x082D      	MOVF       FARG_IntToStr_input+1, 0
0x00F9	0x1C03      	BTFSS      STATUS, 0
0x00FA	0x3E01      	ADDLW      1
0x00FB	0x01B4      	CLRF       IntToStr_inword_L0+1
0x00FC	0x02B4      	SUBWF      IntToStr_inword_L0+1, 1
;__Lib_Conversions.c,206 :: 		
L_IntToStr37:
;__Lib_Conversions.c,207 :: 		
0x00FD	0x0833      	MOVF       IntToStr_inword_L0, 0
0x00FE	0x00B5      	MOVWF      FARG_WordToStr_input
0x00FF	0x0834      	MOVF       IntToStr_inword_L0+1, 0
0x0100	0x00B6      	MOVWF      FARG_WordToStr_input+1
0x0101	0x082E      	MOVF       FARG_IntToStr_output, 0
0x0102	0x00B7      	MOVWF      FARG_WordToStr_output
0x0103	0x209C      	CALL       _WordToStr
;__Lib_Conversions.c,209 :: 		
0x0104	0x3006      	MOVLW      6
0x0105	0x00AF      	MOVWF      IntToStr_i_L0
0x0106	0x3000      	MOVLW      0
0x0107	0x00B0      	MOVWF      IntToStr_i_L0+1
;__Lib_Conversions.c,210 :: 		
L_IntToStr38:
0x0108	0x0830      	MOVF       IntToStr_i_L0+1, 0
0x0109	0x3C00      	SUBLW      0
0x010A	0x1D03      	BTFSS      STATUS, 2
0x010B	0x290E      	GOTO       L__IntToStr388
0x010C	0x082F      	MOVF       IntToStr_i_L0, 0
0x010D	0x3C00      	SUBLW      0
L__IntToStr388:
0x010E	0x1803      	BTFSC      STATUS, 0
0x010F	0x2929      	GOTO       L_IntToStr39
;__Lib_Conversions.c,211 :: 		
0x0110	0x082F      	MOVF       IntToStr_i_L0, 0
0x0111	0x072E      	ADDWF      FARG_IntToStr_output, 0
0x0112	0x00F2      	MOVWF      R2
0x0113	0x3001      	MOVLW      1
0x0114	0x022F      	SUBWF      IntToStr_i_L0, 0
0x0115	0x00F0      	MOVWF      R0
0x0116	0x3000      	MOVLW      0
0x0117	0x1C03      	BTFSS      STATUS, 0
0x0118	0x3E01      	ADDLW      1
0x0119	0x0230      	SUBWF      IntToStr_i_L0+1, 0
0x011A	0x00F1      	MOVWF      R0+1
0x011B	0x0870      	MOVF       R0, 0
0x011C	0x072E      	ADDWF      FARG_IntToStr_output, 0
0x011D	0x0084      	MOVWF      FSR
0x011E	0x0800      	MOVF       INDF, 0
0x011F	0x00F0      	MOVWF      R0
0x0120	0x0872      	MOVF       R2, 0
0x0121	0x0084      	MOVWF      FSR
0x0122	0x0870      	MOVF       R0, 0
0x0123	0x0080      	MOVWF      INDF
;__Lib_Conversions.c,212 :: 		
0x0124	0x3001      	MOVLW      1
0x0125	0x02AF      	SUBWF      IntToStr_i_L0, 1
0x0126	0x1C03      	BTFSS      STATUS, 0
0x0127	0x03B0      	DECF       IntToStr_i_L0+1, 1
;__Lib_Conversions.c,213 :: 		
0x0128	0x2908      	GOTO       L_IntToStr38
L_IntToStr39:
;__Lib_Conversions.c,214 :: 		
0x0129	0x082E      	MOVF       FARG_IntToStr_output, 0
0x012A	0x0084      	MOVWF      FSR
0x012B	0x3020      	MOVLW      32
0x012C	0x0080      	MOVWF      INDF
;__Lib_Conversions.c,215 :: 		
0x012D	0x0831      	MOVF       IntToStr_negative_L0, 0
0x012E	0x0432      	IORWF      IntToStr_negative_L0+1, 0
0x012F	0x1903      	BTFSC      STATUS, 2
0x0130	0x2947      	GOTO       L_IntToStr40
;__Lib_Conversions.c,216 :: 		
0x0131	0x01AF      	CLRF       IntToStr_i_L0
0x0132	0x01B0      	CLRF       IntToStr_i_L0+1
;__Lib_Conversions.c,217 :: 		
L_IntToStr41:
0x0133	0x082F      	MOVF       IntToStr_i_L0, 0
0x0134	0x072E      	ADDWF      FARG_IntToStr_output, 0
0x0135	0x0084      	MOVWF      FSR
0x0136	0x0800      	MOVF       INDF, 0
0x0137	0x3A20      	XORLW      32
0x0138	0x1D03      	BTFSS      STATUS, 2
0x0139	0x293E      	GOTO       L_IntToStr42
0x013A	0x0AAF      	INCF       IntToStr_i_L0, 1
0x013B	0x1903      	BTFSC      STATUS, 2
0x013C	0x0AB0      	INCF       IntToStr_i_L0+1, 1
0x013D	0x2933      	GOTO       L_IntToStr41
L_IntToStr42:
;__Lib_Conversions.c,218 :: 		
0x013E	0x3001      	MOVLW      1
0x013F	0x02AF      	SUBWF      IntToStr_i_L0, 1
0x0140	0x1C03      	BTFSS      STATUS, 0
0x0141	0x03B0      	DECF       IntToStr_i_L0+1, 1
;__Lib_Conversions.c,219 :: 		
0x0142	0x082F      	MOVF       IntToStr_i_L0, 0
0x0143	0x072E      	ADDWF      FARG_IntToStr_output, 0
0x0144	0x0084      	MOVWF      FSR
0x0145	0x302D      	MOVLW      45
0x0146	0x0080      	MOVWF      INDF
L_IntToStr40:
;__Lib_Conversions.c,220 :: 		
L_end_IntToStr:
0x0147	0x0008      	RETURN
; end of _IntToStr
_Lcd_Out:
;__Lib_Lcd.c,184 :: 		
;__Lib_Lcd.c,187 :: 		
0x0148	0x295A      	GOTO       L_Lcd_Out11
;__Lib_Lcd.c,188 :: 		
L_Lcd_Out13:
0x0149	0x3080      	MOVLW      128
0x014A	0x1683      	BSF        STATUS, 5
0x014B	0x1303      	BCF        STATUS, 6
0x014C	0x00AC      	MOVWF      FARG_Lcd_Out_row
0x014D	0x296D      	GOTO       L_Lcd_Out12
;__Lib_Lcd.c,189 :: 		
L_Lcd_Out14:
0x014E	0x30C0      	MOVLW      192
0x014F	0x00AC      	MOVWF      FARG_Lcd_Out_row
0x0150	0x296D      	GOTO       L_Lcd_Out12
;__Lib_Lcd.c,190 :: 		
L_Lcd_Out15:
0x0151	0x3094      	MOVLW      148
0x0152	0x00AC      	MOVWF      FARG_Lcd_Out_row
0x0153	0x296D      	GOTO       L_Lcd_Out12
;__Lib_Lcd.c,191 :: 		
L_Lcd_Out16:
0x0154	0x30D4      	MOVLW      212
0x0155	0x00AC      	MOVWF      FARG_Lcd_Out_row
0x0156	0x296D      	GOTO       L_Lcd_Out12
;__Lib_Lcd.c,192 :: 		
L_Lcd_Out17:
0x0157	0x3080      	MOVLW      128
0x0158	0x00AC      	MOVWF      FARG_Lcd_Out_row
;__Lib_Lcd.c,193 :: 		
0x0159	0x296D      	GOTO       L_Lcd_Out12
L_Lcd_Out11:
0x015A	0x1683      	BSF        STATUS, 5
0x015B	0x1303      	BCF        STATUS, 6
0x015C	0x082C      	MOVF       FARG_Lcd_Out_row, 0
0x015D	0x3A01      	XORLW      1
0x015E	0x1903      	BTFSC      STATUS, 2
0x015F	0x2949      	GOTO       L_Lcd_Out13
0x0160	0x082C      	MOVF       FARG_Lcd_Out_row, 0
0x0161	0x3A02      	XORLW      2
0x0162	0x1903      	BTFSC      STATUS, 2
0x0163	0x294E      	GOTO       L_Lcd_Out14
0x0164	0x082C      	MOVF       FARG_Lcd_Out_row, 0
0x0165	0x3A03      	XORLW      3
0x0166	0x1903      	BTFSC      STATUS, 2
0x0167	0x2951      	GOTO       L_Lcd_Out15
0x0168	0x082C      	MOVF       FARG_Lcd_Out_row, 0
0x0169	0x3A04      	XORLW      4
0x016A	0x1903      	BTFSC      STATUS, 2
0x016B	0x2954      	GOTO       L_Lcd_Out16
0x016C	0x2957      	GOTO       L_Lcd_Out17
L_Lcd_Out12:
;__Lib_Lcd.c,194 :: 		
0x016D	0x032D      	DECF       FARG_Lcd_Out_column, 0
0x016E	0x00F0      	MOVWF      R0
0x016F	0x082C      	MOVF       FARG_Lcd_Out_row, 0
0x0170	0x07F0      	ADDWF      R0, 1
0x0171	0x0870      	MOVF       R0, 0
0x0172	0x00AC      	MOVWF      FARG_Lcd_Out_row
;__Lib_Lcd.c,196 :: 		
0x0173	0x0870      	MOVF       R0, 0
0x0174	0x00BA      	MOVWF      FARG_Lcd_Cmd_out_char
0x0175	0x2035      	CALL       _Lcd_Cmd
;__Lib_Lcd.c,197 :: 		
0x0176	0x1055      	BCF        __Lib_Lcd_cmd_status, BitPos(__Lib_Lcd_cmd_status+0)
;__Lib_Lcd.c,198 :: 		
0x0177	0x01EF      	CLRF       Lcd_Out_i_L0
;__Lib_Lcd.c,199 :: 		
L_Lcd_Out18:
0x0178	0x086F      	MOVF       Lcd_Out_i_L0, 0
0x0179	0x1683      	BSF        STATUS, 5
0x017A	0x072E      	ADDWF      FARG_Lcd_Out_text, 0
0x017B	0x0084      	MOVWF      FSR
0x017C	0x0800      	MOVF       INDF, 0
0x017D	0x1903      	BTFSC      STATUS, 2
0x017E	0x2989      	GOTO       L_Lcd_Out19
;__Lib_Lcd.c,200 :: 		
0x017F	0x1283      	BCF        STATUS, 5
0x0180	0x086F      	MOVF       Lcd_Out_i_L0, 0
0x0181	0x1683      	BSF        STATUS, 5
0x0182	0x072E      	ADDWF      FARG_Lcd_Out_text, 0
0x0183	0x0084      	MOVWF      FSR
0x0184	0x0800      	MOVF       INDF, 0
0x0185	0x00B5      	MOVWF      FARG_Lcd_Chr_CP_out_char
0x0186	0x208C      	CALL       _Lcd_Chr_CP
0x0187	0x0AEF      	INCF       Lcd_Out_i_L0, 1
0x0188	0x2978      	GOTO       L_Lcd_Out18
L_Lcd_Out19:
0x0189	0x1283      	BCF        STATUS, 5
;__Lib_Lcd.c,201 :: 		
0x018A	0x1455      	BSF        __Lib_Lcd_cmd_status, BitPos(__Lib_Lcd_cmd_status+0)
;__Lib_Lcd.c,202 :: 		
L_end_Lcd_Out:
0x018B	0x0008      	RETURN
; end of _Lcd_Out
___CC2DW:
;__Lib_System.c,134 :: 		
;__Lib_System.c,137 :: 		
_CC2D_Loop1:
;__Lib_System.c,139 :: 		
0x018C	0x2095      	CALL       _____DoICP
0x018D	0x118A      	BCF        PCLATH, 3
0x018E	0x120A      	BCF        PCLATH, 4
;__Lib_System.c,141 :: 		
0x018F	0x0080      	MOVWF      INDF
;__Lib_System.c,142 :: 		
0x0190	0x0A84      	INCF       FSR, 1
;__Lib_System.c,143 :: 		
0x0191	0x0AD6      	INCF       ___DoICPAddr, 1
;__Lib_System.c,145 :: 		
0x0192	0x1903      	BTFSC      STATUS, 2
;__Lib_System.c,146 :: 		
0x0193	0x0AD7      	INCF       ___DoICPAddr+1, 1
;__Lib_System.c,147 :: 		
0x0194	0x03F0      	DECF       R0, 1
;__Lib_System.c,149 :: 		
0x0195	0x1D03      	BTFSS      STATUS, 2
;__Lib_System.c,150 :: 		
0x0196	0x298C      	GOTO       _CC2D_Loop1
;__Lib_System.c,152 :: 		
L_end___CC2DW:
0x0197	0x0008      	RETURN
; end of ___CC2DW
_Lcd_Init:
;__Lib_Lcd.c,84 :: 		
;__Lib_Lcd.c,86 :: 		
0x0198	0x1683      	BSF        STATUS, 5
0x0199	0x1303      	BCF        STATUS, 6
0x019A	0x1286      	BCF        LCD_EN_Direction, BitPos(LCD_EN_Direction+0)
;__Lib_Lcd.c,87 :: 		
0x019B	0x1206      	BCF        LCD_RS_Direction, BitPos(LCD_RS_Direction+0)
;__Lib_Lcd.c,88 :: 		
0x019C	0x1006      	BCF        LCD_D4_Direction, BitPos(LCD_D4_Direction+0)
;__Lib_Lcd.c,89 :: 		
0x019D	0x1086      	BCF        LCD_D5_Direction, BitPos(LCD_D5_Direction+0)
;__Lib_Lcd.c,90 :: 		
0x019E	0x1106      	BCF        LCD_D6_Direction, BitPos(LCD_D6_Direction+0)
;__Lib_Lcd.c,91 :: 		
0x019F	0x1186      	BCF        LCD_D7_Direction, BitPos(LCD_D7_Direction+0)
;__Lib_Lcd.c,93 :: 		
0x01A0	0x1283      	BCF        STATUS, 5
0x01A1	0x1286      	BCF        LCD_EN, BitPos(LCD_EN+0)
;__Lib_Lcd.c,94 :: 		
0x01A2	0x1206      	BCF        LCD_RS, BitPos(LCD_RS+0)
;__Lib_Lcd.c,95 :: 		
0x01A3	0x1186      	BCF        LCD_D7, BitPos(LCD_D7+0)
;__Lib_Lcd.c,96 :: 		
0x01A4	0x1106      	BCF        LCD_D6, BitPos(LCD_D6+0)
;__Lib_Lcd.c,97 :: 		
0x01A5	0x1086      	BCF        LCD_D5, BitPos(LCD_D5+0)
;__Lib_Lcd.c,98 :: 		
0x01A6	0x1006      	BCF        LCD_D4, BitPos(LCD_D4+0)
;__Lib_Lcd.c,100 :: 		
0x01A7	0x200D      	CALL       _Delay_5500us
;__Lib_Lcd.c,101 :: 		
0x01A8	0x200D      	CALL       _Delay_5500us
;__Lib_Lcd.c,102 :: 		
0x01A9	0x200D      	CALL       _Delay_5500us
;__Lib_Lcd.c,105 :: 		
0x01AA	0x1486      	BSF        LCD_D5, BitPos(LCD_D5+0)
;__Lib_Lcd.c,106 :: 		
0x01AB	0x1406      	BSF        LCD_D4, BitPos(LCD_D4+0)
;__Lib_Lcd.c,107 :: 		
0x01AC	0x1686      	BSF        LCD_EN, BitPos(LCD_EN+0)
;__Lib_Lcd.c,108 :: 		
0x01AD	0x2003      	CALL       _Delay_1us
;__Lib_Lcd.c,109 :: 		
0x01AE	0x1286      	BCF        LCD_EN, BitPos(LCD_EN+0)
;__Lib_Lcd.c,110 :: 		
0x01AF	0x200D      	CALL       _Delay_5500us
;__Lib_Lcd.c,112 :: 		
0x01B0	0x1686      	BSF        LCD_EN, BitPos(LCD_EN+0)
;__Lib_Lcd.c,113 :: 		
0x01B1	0x2003      	CALL       _Delay_1us
;__Lib_Lcd.c,114 :: 		
0x01B2	0x1286      	BCF        LCD_EN, BitPos(LCD_EN+0)
;__Lib_Lcd.c,115 :: 		
0x01B3	0x200D      	CALL       _Delay_5500us
;__Lib_Lcd.c,117 :: 		
0x01B4	0x1686      	BSF        LCD_EN, BitPos(LCD_EN+0)
;__Lib_Lcd.c,118 :: 		
0x01B5	0x2003      	CALL       _Delay_1us
;__Lib_Lcd.c,119 :: 		
0x01B6	0x1286      	BCF        LCD_EN, BitPos(LCD_EN+0)
;__Lib_Lcd.c,120 :: 		
0x01B7	0x200D      	CALL       _Delay_5500us
;__Lib_Lcd.c,123 :: 		
0x01B8	0x1006      	BCF        LCD_D4, BitPos(LCD_D4+0)
;__Lib_Lcd.c,124 :: 		
0x01B9	0x1686      	BSF        LCD_EN, BitPos(LCD_EN+0)
;__Lib_Lcd.c,125 :: 		
0x01BA	0x2003      	CALL       _Delay_1us
;__Lib_Lcd.c,126 :: 		
0x01BB	0x1286      	BCF        LCD_EN, BitPos(LCD_EN+0)
;__Lib_Lcd.c,127 :: 		
0x01BC	0x200D      	CALL       _Delay_5500us
;__Lib_Lcd.c,130 :: 		
0x01BD	0x1686      	BSF        LCD_EN, BitPos(LCD_EN+0)
;__Lib_Lcd.c,131 :: 		
0x01BE	0x2003      	CALL       _Delay_1us
;__Lib_Lcd.c,132 :: 		
0x01BF	0x1286      	BCF        LCD_EN, BitPos(LCD_EN+0)
;__Lib_Lcd.c,134 :: 		
0x01C0	0x1086      	BCF        LCD_D5, BitPos(LCD_D5+0)
;__Lib_Lcd.c,135 :: 		
0x01C1	0x1586      	BSF        LCD_D7, BitPos(LCD_D7+0)
;__Lib_Lcd.c,136 :: 		
0x01C2	0x1686      	BSF        LCD_EN, BitPos(LCD_EN+0)
;__Lib_Lcd.c,137 :: 		
0x01C3	0x2003      	CALL       _Delay_1us
;__Lib_Lcd.c,138 :: 		
0x01C4	0x1286      	BCF        LCD_EN, BitPos(LCD_EN+0)
;__Lib_Lcd.c,139 :: 		
0x01C5	0x200D      	CALL       _Delay_5500us
;__Lib_Lcd.c,142 :: 		
0x01C6	0x1186      	BCF        LCD_D7, BitPos(LCD_D7+0)
;__Lib_Lcd.c,143 :: 		
0x01C7	0x1406      	BSF        LCD_D4, BitPos(LCD_D4+0)
;__Lib_Lcd.c,144 :: 		
0x01C8	0x1686      	BSF        LCD_EN, BitPos(LCD_EN+0)
;__Lib_Lcd.c,145 :: 		
0x01C9	0x2003      	CALL       _Delay_1us
;__Lib_Lcd.c,146 :: 		
0x01CA	0x1286      	BCF        LCD_EN, BitPos(LCD_EN+0)
;__Lib_Lcd.c,148 :: 		
0x01CB	0x1006      	BCF        LCD_D4, BitPos(LCD_D4+0)
;__Lib_Lcd.c,149 :: 		
0x01CC	0x1686      	BSF        LCD_EN, BitPos(LCD_EN+0)
;__Lib_Lcd.c,150 :: 		
0x01CD	0x2003      	CALL       _Delay_1us
;__Lib_Lcd.c,151 :: 		
0x01CE	0x1286      	BCF        LCD_EN, BitPos(LCD_EN+0)
;__Lib_Lcd.c,152 :: 		
0x01CF	0x200D      	CALL       _Delay_5500us
;__Lib_Lcd.c,155 :: 		
0x01D0	0x1686      	BSF        LCD_EN, BitPos(LCD_EN+0)
;__Lib_Lcd.c,156 :: 		
0x01D1	0x2003      	CALL       _Delay_1us
;__Lib_Lcd.c,157 :: 		
0x01D2	0x1286      	BCF        LCD_EN, BitPos(LCD_EN+0)
;__Lib_Lcd.c,159 :: 		
0x01D3	0x1406      	BSF        LCD_D4, BitPos(LCD_D4+0)
;__Lib_Lcd.c,160 :: 		
0x01D4	0x1686      	BSF        LCD_EN, BitPos(LCD_EN+0)
;__Lib_Lcd.c,161 :: 		
0x01D5	0x2003      	CALL       _Delay_1us
;__Lib_Lcd.c,162 :: 		
0x01D6	0x1286      	BCF        LCD_EN, BitPos(LCD_EN+0)
;__Lib_Lcd.c,163 :: 		
0x01D7	0x200D      	CALL       _Delay_5500us
;__Lib_Lcd.c,166 :: 		
0x01D8	0x1006      	BCF        LCD_D4, BitPos(LCD_D4+0)
;__Lib_Lcd.c,167 :: 		
0x01D9	0x1686      	BSF        LCD_EN, BitPos(LCD_EN+0)
;__Lib_Lcd.c,168 :: 		
0x01DA	0x2003      	CALL       _Delay_1us
;__Lib_Lcd.c,169 :: 		
0x01DB	0x1286      	BCF        LCD_EN, BitPos(LCD_EN+0)
;__Lib_Lcd.c,171 :: 		
0x01DC	0x1586      	BSF        LCD_D7, BitPos(LCD_D7+0)
;__Lib_Lcd.c,172 :: 		
0x01DD	0x1506      	BSF        LCD_D6, BitPos(LCD_D6+0)
;__Lib_Lcd.c,173 :: 		
0x01DE	0x1486      	BSF        LCD_D5, BitPos(LCD_D5+0)
;__Lib_Lcd.c,174 :: 		
0x01DF	0x1406      	BSF        LCD_D4, BitPos(LCD_D4+0)
;__Lib_Lcd.c,175 :: 		
0x01E0	0x1686      	BSF        LCD_EN, BitPos(LCD_EN+0)
;__Lib_Lcd.c,176 :: 		
0x01E1	0x2003      	CALL       _Delay_1us
;__Lib_Lcd.c,177 :: 		
0x01E2	0x1286      	BCF        LCD_EN, BitPos(LCD_EN+0)
;__Lib_Lcd.c,179 :: 		
0x01E3	0x200D      	CALL       _Delay_5500us
;__Lib_Lcd.c,181 :: 		
0x01E4	0x1455      	BSF        __Lib_Lcd_cmd_status, BitPos(__Lib_Lcd_cmd_status+0)
;__Lib_Lcd.c,182 :: 		
L_end_Lcd_Init:
0x01E5	0x0008      	RETURN
; end of _Lcd_Init
_main:
0x01E6	0x2366      	CALL       870
;color mixer.c,23 :: 		void main() {
;color mixer.c,25 :: 		int color[4]={0};
0x01E7	0x1683      	BSF        STATUS, 5
0x01E8	0x1303      	BCF        STATUS, 6
0x01E9	0x01A0      	CLRF       main_color_L0
0x01EA	0x01A1      	CLRF       main_color_L0+1
0x01EB	0x01A2      	CLRF       main_color_L0+2
0x01EC	0x01A3      	CLRF       main_color_L0+3
0x01ED	0x01A4      	CLRF       main_color_L0+4
0x01EE	0x01A5      	CLRF       main_color_L0+5
0x01EF	0x01A6      	CLRF       main_color_L0+6
0x01F0	0x01A7      	CLRF       main_color_L0+7
0x01F1	0x3003      	MOVLW      3
0x01F2	0x1283      	BCF        STATUS, 5
0x01F3	0x00E9      	MOVWF      main_opt_L0
0x01F4	0x3000      	MOVLW      0
0x01F5	0x00EA      	MOVWF      main_opt_L0+1
0x01F6	0x01EB      	CLRF       main_flag1_L0
0x01F7	0x01EC      	CLRF       main_flag1_L0+1
0x01F8	0x01ED      	CLRF       main_flag2_L0
0x01F9	0x01EE      	CLRF       main_flag2_L0+1
0x01FA	0x1683      	BSF        STATUS, 5
0x01FB	0x01A8      	CLRF       main_flag3_L0
0x01FC	0x01A9      	CLRF       main_flag3_L0+1
0x01FD	0x01AA      	CLRF       main_on_off_L0
0x01FE	0x01AB      	CLRF       main_on_off_L0+1
;color mixer.c,29 :: 		trisc=255;
0x01FF	0x30FF      	MOVLW      255
0x0200	0x0087      	MOVWF      TRISC
;color mixer.c,30 :: 		trisd=0;
0x0201	0x0188      	CLRF       TRISD
;color mixer.c,31 :: 		portd=0;
0x0202	0x1283      	BCF        STATUS, 5
0x0203	0x0188      	CLRF       PORTD
;color mixer.c,32 :: 		Lcd_Init();                        // Initialize LCD
0x0204	0x2198      	CALL       _Lcd_Init
;color mixer.c,33 :: 		Lcd_Cmd(_LCD_CLEAR);               // Clear display
0x0205	0x3001      	MOVLW      1
0x0206	0x1683      	BSF        STATUS, 5
0x0207	0x00BA      	MOVWF      FARG_Lcd_Cmd_out_char
0x0208	0x2035      	CALL       _Lcd_Cmd
;color mixer.c,34 :: 		Lcd_Cmd(_LCD_CURSOR_OFF);          // Cursor off
0x0209	0x300C      	MOVLW      12
0x020A	0x1683      	BSF        STATUS, 5
0x020B	0x00BA      	MOVWF      FARG_Lcd_Cmd_out_char
0x020C	0x2035      	CALL       _Lcd_Cmd
;color mixer.c,35 :: 		while(1)
L_main0:
;color mixer.c,36 :: 		{if(on_off==0)
0x020D	0x3000      	MOVLW      0
0x020E	0x1683      	BSF        STATUS, 5
0x020F	0x062B      	XORWF      main_on_off_L0+1, 0
0x0210	0x1D03      	BTFSS      STATUS, 2
0x0211	0x2A14      	GOTO       L__main27
0x0212	0x3000      	MOVLW      0
0x0213	0x062A      	XORWF      main_on_off_L0, 0
L__main27:
0x0214	0x1D03      	BTFSS      STATUS, 2
0x0215	0x2B29      	GOTO       L_main2
;color mixer.c,37 :: 		{  if(portc.b2==1 && flag1==0)// change options
0x0216	0x1283      	BCF        STATUS, 5
0x0217	0x1D07      	BTFSS      PORTC, 2
0x0218	0x2A75      	GOTO       L_main5
0x0219	0x3000      	MOVLW      0
0x021A	0x066C      	XORWF      main_flag1_L0+1, 0
0x021B	0x1D03      	BTFSS      STATUS, 2
0x021C	0x2A1F      	GOTO       L__main28
0x021D	0x3000      	MOVLW      0
0x021E	0x066B      	XORWF      main_flag1_L0, 0
L__main28:
0x021F	0x1D03      	BTFSS      STATUS, 2
0x0220	0x2A75      	GOTO       L_main5
L__main25:
;color mixer.c,38 :: 		{flag1=1;
0x0221	0x3001      	MOVLW      1
0x0222	0x00EB      	MOVWF      main_flag1_L0
0x0223	0x3000      	MOVLW      0
0x0224	0x00EC      	MOVWF      main_flag1_L0+1
;color mixer.c,39 :: 		opt++;//opt=4
0x0225	0x0AE9      	INCF       main_opt_L0, 1
0x0226	0x1903      	BTFSC      STATUS, 2
0x0227	0x0AEA      	INCF       main_opt_L0+1, 1
;color mixer.c,40 :: 		if(opt==4){opt=0;}
0x0228	0x3000      	MOVLW      0
0x0229	0x066A      	XORWF      main_opt_L0+1, 0
0x022A	0x1D03      	BTFSS      STATUS, 2
0x022B	0x2A2E      	GOTO       L__main29
0x022C	0x3004      	MOVLW      4
0x022D	0x0669      	XORWF      main_opt_L0, 0
L__main29:
0x022E	0x1D03      	BTFSS      STATUS, 2
0x022F	0x2A32      	GOTO       L_main6
0x0230	0x01E9      	CLRF       main_opt_L0
0x0231	0x01EA      	CLRF       main_opt_L0+1
L_main6:
;color mixer.c,41 :: 		if(opt==0){lcd_out(1,1,"   RED     ");}
0x0232	0x3000      	MOVLW      0
0x0233	0x066A      	XORWF      main_opt_L0+1, 0
0x0234	0x1D03      	BTFSS      STATUS, 2
0x0235	0x2A38      	GOTO       L__main30
0x0236	0x3000      	MOVLW      0
0x0237	0x0669      	XORWF      main_opt_L0, 0
L__main30:
0x0238	0x1D03      	BTFSS      STATUS, 2
0x0239	0x2A43      	GOTO       L_main7
0x023A	0x3001      	MOVLW      1
0x023B	0x1683      	BSF        STATUS, 5
0x023C	0x00AC      	MOVWF      FARG_Lcd_Out_row
0x023D	0x3001      	MOVLW      1
0x023E	0x00AD      	MOVWF      FARG_Lcd_Out_column
0x023F	0x3049      	MOVLW      ?lstr1_color_32mixer
0x0240	0x00AE      	MOVWF      FARG_Lcd_Out_text
0x0241	0x2148      	CALL       _Lcd_Out
0x0242	0x2A75      	GOTO       L_main8
L_main7:
;color mixer.c,42 :: 		else if (opt==1){lcd_out(1,1,"   BLUE     ");}
0x0243	0x3000      	MOVLW      0
0x0244	0x066A      	XORWF      main_opt_L0+1, 0
0x0245	0x1D03      	BTFSS      STATUS, 2
0x0246	0x2A49      	GOTO       L__main31
0x0247	0x3001      	MOVLW      1
0x0248	0x0669      	XORWF      main_opt_L0, 0
L__main31:
0x0249	0x1D03      	BTFSS      STATUS, 2
0x024A	0x2A54      	GOTO       L_main9
0x024B	0x3001      	MOVLW      1
0x024C	0x1683      	BSF        STATUS, 5
0x024D	0x00AC      	MOVWF      FARG_Lcd_Out_row
0x024E	0x3001      	MOVLW      1
0x024F	0x00AD      	MOVWF      FARG_Lcd_Out_column
0x0250	0x302E      	MOVLW      ?lstr2_color_32mixer
0x0251	0x00AE      	MOVWF      FARG_Lcd_Out_text
0x0252	0x2148      	CALL       _Lcd_Out
0x0253	0x2A75      	GOTO       L_main10
L_main9:
;color mixer.c,43 :: 		else if (opt==2){lcd_out(1,1,"   GREEN     ");}
0x0254	0x3000      	MOVLW      0
0x0255	0x066A      	XORWF      main_opt_L0+1, 0
0x0256	0x1D03      	BTFSS      STATUS, 2
0x0257	0x2A5A      	GOTO       L__main32
0x0258	0x3002      	MOVLW      2
0x0259	0x0669      	XORWF      main_opt_L0, 0
L__main32:
0x025A	0x1D03      	BTFSS      STATUS, 2
0x025B	0x2A65      	GOTO       L_main11
0x025C	0x3001      	MOVLW      1
0x025D	0x1683      	BSF        STATUS, 5
0x025E	0x00AC      	MOVWF      FARG_Lcd_Out_row
0x025F	0x3001      	MOVLW      1
0x0260	0x00AD      	MOVWF      FARG_Lcd_Out_column
0x0261	0x3020      	MOVLW      ?lstr3_color_32mixer
0x0262	0x00AE      	MOVWF      FARG_Lcd_Out_text
0x0263	0x2148      	CALL       _Lcd_Out
0x0264	0x2A75      	GOTO       L_main12
L_main11:
;color mixer.c,44 :: 		else if (opt==3){lcd_out(1,1,"   MIXER     ");}
0x0265	0x3000      	MOVLW      0
0x0266	0x066A      	XORWF      main_opt_L0+1, 0
0x0267	0x1D03      	BTFSS      STATUS, 2
0x0268	0x2A6B      	GOTO       L__main33
0x0269	0x3003      	MOVLW      3
0x026A	0x0669      	XORWF      main_opt_L0, 0
L__main33:
0x026B	0x1D03      	BTFSS      STATUS, 2
0x026C	0x2A75      	GOTO       L_main13
0x026D	0x3001      	MOVLW      1
0x026E	0x1683      	BSF        STATUS, 5
0x026F	0x00AC      	MOVWF      FARG_Lcd_Out_row
0x0270	0x3001      	MOVLW      1
0x0271	0x00AD      	MOVWF      FARG_Lcd_Out_column
0x0272	0x303B      	MOVLW      ?lstr4_color_32mixer
0x0273	0x00AE      	MOVWF      FARG_Lcd_Out_text
0x0274	0x2148      	CALL       _Lcd_Out
L_main13:
L_main12:
L_main10:
L_main8:
;color mixer.c,45 :: 		}
L_main5:
;color mixer.c,46 :: 		if(portc.b2==0){flag1=0;}
0x0275	0x1907      	BTFSC      PORTC, 2
0x0276	0x2A79      	GOTO       L_main14
0x0277	0x01EB      	CLRF       main_flag1_L0
0x0278	0x01EC      	CLRF       main_flag1_L0+1
L_main14:
;color mixer.c,48 :: 		if(portc.b3==1 && flag2==0 && color[opt]<10){flag2=1; (color[opt])++;} // incre
0x0279	0x1D87      	BTFSS      PORTC, 3
0x027A	0x2ABC      	GOTO       L_main17
0x027B	0x3000      	MOVLW      0
0x027C	0x066E      	XORWF      main_flag2_L0+1, 0
0x027D	0x1D03      	BTFSS      STATUS, 2
0x027E	0x2A81      	GOTO       L__main34
0x027F	0x3000      	MOVLW      0
0x0280	0x066D      	XORWF      main_flag2_L0, 0
L__main34:
0x0281	0x1D03      	BTFSS      STATUS, 2
0x0282	0x2ABC      	GOTO       L_main17
0x0283	0x0869      	MOVF       main_opt_L0, 0
0x0284	0x00F0      	MOVWF      R0
0x0285	0x086A      	MOVF       main_opt_L0+1, 0
0x0286	0x00F1      	MOVWF      R0+1
0x0287	0x0DF0      	RLF        R0, 1
0x0288	0x0DF1      	RLF        R0+1, 1
0x0289	0x1070      	BCF        R0, 0
0x028A	0x0870      	MOVF       R0, 0
0x028B	0x3EA0      	ADDLW      main_color_L0
0x028C	0x0084      	MOVWF      FSR
0x028D	0x0800      	MOVF       INDF, 0
0x028E	0x00F1      	MOVWF      R1
0x028F	0x0A84      	INCF       FSR, 1
0x0290	0x0800      	MOVF       INDF, 0
0x0291	0x00F2      	MOVWF      R1+1
0x0292	0x3080      	MOVLW      128
0x0293	0x0672      	XORWF      R1+1, 0
0x0294	0x00F0      	MOVWF      R0
0x0295	0x3080      	MOVLW      128
0x0296	0x0270      	SUBWF      R0, 0
0x0297	0x1D03      	BTFSS      STATUS, 2
0x0298	0x2A9B      	GOTO       L__main35
0x0299	0x300A      	MOVLW      10
0x029A	0x0271      	SUBWF      R1, 0
L__main35:
0x029B	0x1803      	BTFSC      STATUS, 0
0x029C	0x2ABC      	GOTO       L_main17
L__main24:
0x029D	0x3001      	MOVLW      1
0x029E	0x00ED      	MOVWF      main_flag2_L0
0x029F	0x3000      	MOVLW      0
0x02A0	0x00EE      	MOVWF      main_flag2_L0+1
0x02A1	0x0869      	MOVF       main_opt_L0, 0
0x02A2	0x00F0      	MOVWF      R0
0x02A3	0x086A      	MOVF       main_opt_L0+1, 0
0x02A4	0x00F1      	MOVWF      R0+1
0x02A5	0x0DF0      	RLF        R0, 1
0x02A6	0x0DF1      	RLF        R0+1, 1
0x02A7	0x1070      	BCF        R0, 0
0x02A8	0x0870      	MOVF       R0, 0
0x02A9	0x3EA0      	ADDLW      main_color_L0
0x02AA	0x00F2      	MOVWF      R2
0x02AB	0x0872      	MOVF       R2, 0
0x02AC	0x0084      	MOVWF      FSR
0x02AD	0x0800      	MOVF       INDF, 0
0x02AE	0x00F0      	MOVWF      R0
0x02AF	0x0A84      	INCF       FSR, 1
0x02B0	0x0800      	MOVF       INDF, 0
0x02B1	0x00F1      	MOVWF      R0+1
0x02B2	0x0AF0      	INCF       R0, 1
0x02B3	0x1903      	BTFSC      STATUS, 2
0x02B4	0x0AF1      	INCF       R0+1, 1
0x02B5	0x0872      	MOVF       R2, 0
0x02B6	0x0084      	MOVWF      FSR
0x02B7	0x0870      	MOVF       R0, 0
0x02B8	0x0080      	MOVWF      INDF
0x02B9	0x0871      	MOVF       R0+1, 0
0x02BA	0x0A84      	INCF       FSR, 1
0x02BB	0x0080      	MOVWF      INDF
L_main17:
;color mixer.c,49 :: 		if(portc.b3==0){flag2=0;}
0x02BC	0x1987      	BTFSC      PORTC, 3
0x02BD	0x2AC0      	GOTO       L_main18
0x02BE	0x01ED      	CLRF       main_flag2_L0
0x02BF	0x01EE      	CLRF       main_flag2_L0+1
L_main18:
;color mixer.c,51 :: 		if(portc.b4==1 && flag3==0 && color[opt]>0 ){flag3=1; (color[opt])--;} //decre
0x02C0	0x1E07      	BTFSS      PORTC, 4
0x02C1	0x2B08      	GOTO       L_main21
0x02C2	0x3000      	MOVLW      0
0x02C3	0x1683      	BSF        STATUS, 5
0x02C4	0x0629      	XORWF      main_flag3_L0+1, 0
0x02C5	0x1D03      	BTFSS      STATUS, 2
0x02C6	0x2AC9      	GOTO       L__main36
0x02C7	0x3000      	MOVLW      0
0x02C8	0x0628      	XORWF      main_flag3_L0, 0
L__main36:
0x02C9	0x1D03      	BTFSS      STATUS, 2
0x02CA	0x2B08      	GOTO       L_main21
0x02CB	0x1283      	BCF        STATUS, 5
0x02CC	0x0869      	MOVF       main_opt_L0, 0
0x02CD	0x00F0      	MOVWF      R0
0x02CE	0x086A      	MOVF       main_opt_L0+1, 0
0x02CF	0x00F1      	MOVWF      R0+1
0x02D0	0x0DF0      	RLF        R0, 1
0x02D1	0x0DF1      	RLF        R0+1, 1
0x02D2	0x1070      	BCF        R0, 0
0x02D3	0x0870      	MOVF       R0, 0
0x02D4	0x3EA0      	ADDLW      main_color_L0
0x02D5	0x0084      	MOVWF      FSR
0x02D6	0x0800      	MOVF       INDF, 0
0x02D7	0x00F1      	MOVWF      R1
0x02D8	0x0A84      	INCF       FSR, 1
0x02D9	0x0800      	MOVF       INDF, 0
0x02DA	0x00F2      	MOVWF      R1+1
0x02DB	0x3080      	MOVLW      128
0x02DC	0x00F0      	MOVWF      R0
0x02DD	0x3080      	MOVLW      128
0x02DE	0x0672      	XORWF      R1+1, 0
0x02DF	0x0270      	SUBWF      R0, 0
0x02E0	0x1D03      	BTFSS      STATUS, 2
0x02E1	0x2AE4      	GOTO       L__main37
0x02E2	0x0871      	MOVF       R1, 0
0x02E3	0x3C00      	SUBLW      0
L__main37:
0x02E4	0x1803      	BTFSC      STATUS, 0
0x02E5	0x2B08      	GOTO       L_main21
L__main23:
0x02E6	0x3001      	MOVLW      1
0x02E7	0x1683      	BSF        STATUS, 5
0x02E8	0x00A8      	MOVWF      main_flag3_L0
0x02E9	0x3000      	MOVLW      0
0x02EA	0x00A9      	MOVWF      main_flag3_L0+1
0x02EB	0x1283      	BCF        STATUS, 5
0x02EC	0x0869      	MOVF       main_opt_L0, 0
0x02ED	0x00F0      	MOVWF      R0
0x02EE	0x086A      	MOVF       main_opt_L0+1, 0
0x02EF	0x00F1      	MOVWF      R0+1
0x02F0	0x0DF0      	RLF        R0, 1
0x02F1	0x0DF1      	RLF        R0+1, 1
0x02F2	0x1070      	BCF        R0, 0
0x02F3	0x0870      	MOVF       R0, 0
0x02F4	0x3EA0      	ADDLW      main_color_L0
0x02F5	0x00F2      	MOVWF      R2
0x02F6	0x0872      	MOVF       R2, 0
0x02F7	0x0084      	MOVWF      FSR
0x02F8	0x0800      	MOVF       INDF, 0
0x02F9	0x00F0      	MOVWF      R0
0x02FA	0x0A84      	INCF       FSR, 1
0x02FB	0x0800      	MOVF       INDF, 0
0x02FC	0x00F1      	MOVWF      R0+1
0x02FD	0x3001      	MOVLW      1
0x02FE	0x02F0      	SUBWF      R0, 1
0x02FF	0x1C03      	BTFSS      STATUS, 0
0x0300	0x03F1      	DECF       R0+1, 1
0x0301	0x0872      	MOVF       R2, 0
0x0302	0x0084      	MOVWF      FSR
0x0303	0x0870      	MOVF       R0, 0
0x0304	0x0080      	MOVWF      INDF
0x0305	0x0871      	MOVF       R0+1, 0
0x0306	0x0A84      	INCF       FSR, 1
0x0307	0x0080      	MOVWF      INDF
L_main21:
0x0308	0x1283      	BCF        STATUS, 5
;color mixer.c,52 :: 		if(portc.b4==0){flag3=0;}
0x0309	0x1A07      	BTFSC      PORTC, 4
0x030A	0x2B0E      	GOTO       L_main22
0x030B	0x1683      	BSF        STATUS, 5
0x030C	0x01A8      	CLRF       main_flag3_L0
0x030D	0x01A9      	CLRF       main_flag3_L0+1
L_main22:
;color mixer.c,53 :: 		inttostr(color[opt],txt);
0x030E	0x1283      	BCF        STATUS, 5
0x030F	0x0869      	MOVF       main_opt_L0, 0
0x0310	0x00F0      	MOVWF      R0
0x0311	0x086A      	MOVF       main_opt_L0+1, 0
0x0312	0x00F1      	MOVWF      R0+1
0x0313	0x0DF0      	RLF        R0, 1
0x0314	0x0DF1      	RLF        R0+1, 1
0x0315	0x1070      	BCF        R0, 0
0x0316	0x0870      	MOVF       R0, 0
0x0317	0x3EA0      	ADDLW      main_color_L0
0x0318	0x0084      	MOVWF      FSR
0x0319	0x0800      	MOVF       INDF, 0
0x031A	0x1683      	BSF        STATUS, 5
0x031B	0x00AC      	MOVWF      FARG_IntToStr_input
0x031C	0x0A84      	INCF       FSR, 1
0x031D	0x0800      	MOVF       INDF, 0
0x031E	0x00AD      	MOVWF      FARG_IntToStr_input+1
0x031F	0x3058      	MOVLW      main_txt_L0
0x0320	0x00AE      	MOVWF      FARG_IntToStr_output
0x0321	0x20DE      	CALL       _IntToStr
;color mixer.c,54 :: 		lcd_out(2,1,txt);
0x0322	0x3002      	MOVLW      2
0x0323	0x00AC      	MOVWF      FARG_Lcd_Out_row
0x0324	0x3001      	MOVLW      1
0x0325	0x00AD      	MOVWF      FARG_Lcd_Out_column
0x0326	0x3058      	MOVLW      main_txt_L0
0x0327	0x00AE      	MOVWF      FARG_Lcd_Out_text
0x0328	0x2148      	CALL       _Lcd_Out
;color mixer.c,55 :: 		}
L_main2:
;color mixer.c,57 :: 		}
0x0329	0x2A0D      	GOTO       L_main0
;color mixer.c,58 :: 		}
L_end_main:
0x032A	0x2B2A      	GOTO       $+0
; end of _main
0x0366	0x3020      	MOVLW      32
0x0367	0x0084      	MOVWF      FSR
0x0368	0x3035      	MOVLW      53
0x0369	0x1283      	BCF        STATUS, 5
0x036A	0x1303      	BCF        STATUS, 6
0x036B	0x00F0      	MOVWF      R0
0x036C	0x3030      	MOVLW      48
0x036D	0x00D6      	MOVWF      ___DoICPAddr
0x036E	0x3003      	MOVLW      3
0x036F	0x00D7      	MOVWF      87
0x0370	0x218C      	CALL       396
0x0371	0x0008      	RETURN
;color mixer.c,0 :: ?ICS?lstr3_color_32mixer
0x0330	0x3420 ;?ICS?lstr3_color_32mixer+0
0x0331	0x3420 ;?ICS?lstr3_color_32mixer+1
0x0332	0x3420 ;?ICS?lstr3_color_32mixer+2
0x0333	0x3447 ;?ICS?lstr3_color_32mixer+3
0x0334	0x3452 ;?ICS?lstr3_color_32mixer+4
0x0335	0x3445 ;?ICS?lstr3_color_32mixer+5
0x0336	0x3445 ;?ICS?lstr3_color_32mixer+6
0x0337	0x344E ;?ICS?lstr3_color_32mixer+7
0x0338	0x3420 ;?ICS?lstr3_color_32mixer+8
0x0339	0x3420 ;?ICS?lstr3_color_32mixer+9
0x033A	0x3420 ;?ICS?lstr3_color_32mixer+10
0x033B	0x3420 ;?ICS?lstr3_color_32mixer+11
0x033C	0x3420 ;?ICS?lstr3_color_32mixer+12
0x033D	0x3400 ;?ICS?lstr3_color_32mixer+13
; end of ?ICS?lstr3_color_32mixer
;color mixer.c,0 :: ?ICS?lstr2_color_32mixer
0x033E	0x3420 ;?ICS?lstr2_color_32mixer+0
0x033F	0x3420 ;?ICS?lstr2_color_32mixer+1
0x0340	0x3420 ;?ICS?lstr2_color_32mixer+2
0x0341	0x3442 ;?ICS?lstr2_color_32mixer+3
0x0342	0x344C ;?ICS?lstr2_color_32mixer+4
0x0343	0x3455 ;?ICS?lstr2_color_32mixer+5
0x0344	0x3445 ;?ICS?lstr2_color_32mixer+6
0x0345	0x3420 ;?ICS?lstr2_color_32mixer+7
0x0346	0x3420 ;?ICS?lstr2_color_32mixer+8
0x0347	0x3420 ;?ICS?lstr2_color_32mixer+9
0x0348	0x3420 ;?ICS?lstr2_color_32mixer+10
0x0349	0x3420 ;?ICS?lstr2_color_32mixer+11
0x034A	0x3400 ;?ICS?lstr2_color_32mixer+12
; end of ?ICS?lstr2_color_32mixer
;color mixer.c,0 :: ?ICS?lstr4_color_32mixer
0x034B	0x3420 ;?ICS?lstr4_color_32mixer+0
0x034C	0x3420 ;?ICS?lstr4_color_32mixer+1
0x034D	0x3420 ;?ICS?lstr4_color_32mixer+2
0x034E	0x344D ;?ICS?lstr4_color_32mixer+3
0x034F	0x3449 ;?ICS?lstr4_color_32mixer+4
0x0350	0x3458 ;?ICS?lstr4_color_32mixer+5
0x0351	0x3445 ;?ICS?lstr4_color_32mixer+6
0x0352	0x3452 ;?ICS?lstr4_color_32mixer+7
0x0353	0x3420 ;?ICS?lstr4_color_32mixer+8
0x0354	0x3420 ;?ICS?lstr4_color_32mixer+9
0x0355	0x3420 ;?ICS?lstr4_color_32mixer+10
0x0356	0x3420 ;?ICS?lstr4_color_32mixer+11
0x0357	0x3420 ;?ICS?lstr4_color_32mixer+12
0x0358	0x3400 ;?ICS?lstr4_color_32mixer+13
; end of ?ICS?lstr4_color_32mixer
;color mixer.c,0 :: ?ICS?lstr1_color_32mixer
0x0359	0x3420 ;?ICS?lstr1_color_32mixer+0
0x035A	0x3420 ;?ICS?lstr1_color_32mixer+1
0x035B	0x3420 ;?ICS?lstr1_color_32mixer+2
0x035C	0x3452 ;?ICS?lstr1_color_32mixer+3
0x035D	0x3445 ;?ICS?lstr1_color_32mixer+4
0x035E	0x3444 ;?ICS?lstr1_color_32mixer+5
0x035F	0x3420 ;?ICS?lstr1_color_32mixer+6
0x0360	0x3420 ;?ICS?lstr1_color_32mixer+7
0x0361	0x3420 ;?ICS?lstr1_color_32mixer+8
0x0362	0x3420 ;?ICS?lstr1_color_32mixer+9
0x0363	0x3420 ;?ICS?lstr1_color_32mixer+10
0x0364	0x3400 ;?ICS?lstr1_color_32mixer+11
; end of ?ICS?lstr1_color_32mixer
Symbol List:
//** Routines locations **
//ADDRESS    SIZE    PROCEDURE
//----------------------------------------------
0x0003       [2]    _Delay_1us
0x0005       [8]    _Delay_50us
0x000D      [11]    _Delay_5500us
0x0018      [29]    _Div_16X16_U
0x0035      [87]    _Lcd_Cmd
0x008C       [9]    _Lcd_Chr_CP
0x0095       [7]    _____DoICP
0x009C      [66]    _WordToStr
0x00DE     [106]    _IntToStr
0x0148      [68]    _Lcd_Out
0x018C      [12]    ___CC2DW
0x0198      [78]    _Lcd_Init
0x01E6     [324]    _main
//** Variables locations ** 
//ADDRESS    SIZE    VARIABLE
//----------------------------------------------
0x0000       [1]    INDF
0x0002       [1]    PCL
0x0003       [1]    STATUS
0x0004       [1]    FSR
0x0006       [0]    LCD_D4
0x0006       [0]    LCD_D5
0x0006       [0]    LCD_RS
0x0006       [0]    LCD_EN
0x0006       [0]    RB2_bit
0x0006       [0]    RB3_bit
0x0006       [0]    RB0_bit
0x0006       [0]    RB1_bit
0x0006       [0]    RB4_bit
0x0006       [0]    RB5_bit
0x0006       [0]    LCD_D7
0x0006       [0]    LCD_D6
0x0007       [1]    PORTC
0x0008       [1]    PORTD
0x000A       [1]    PCLATH
0x0020      [14]    ?lstr3_color_32mixer
0x002E      [13]    ?lstr2_color_32mixer
0x003B      [14]    ?lstr4_color_32mixer
0x0049      [12]    ?lstr1_color_32mixer
0x0055       [0]    __Lib_Lcd_cmd_status
0x0056       [2]    ___DoICPAddr
0x0058      [17]    main_txt_L0
0x0069       [2]    main_opt_L0
0x006B       [2]    main_flag1_L0
0x006D       [2]    main_flag2_L0
0x006F       [1]    Lcd_Out_i_L0
0x0070       [1]    R0
0x0071       [1]    R1
0x0072       [1]    R2
0x0073       [1]    R3
0x0074       [1]    R4
0x0075       [1]    R5
0x0076       [1]    R6
0x0077       [1]    R7
0x0078       [1]    R8
0x0079       [1]    R9
0x007A       [1]    R10
0x007B       [1]    R11
0x007C       [1]    R12
0x007D       [1]    R13
0x007E       [1]    R14
0x007F       [1]    R15
0x0086       [0]    TRISB0_bit
0x0086       [0]    LCD_D5_Direction
0x0086       [0]    LCD_D4_Direction
0x0086       [0]    TRISB4_bit
0x0086       [0]    LCD_D6_Direction
0x0086       [0]    TRISB3_bit
0x0086       [0]    TRISB2_bit
0x0086       [0]    TRISB1_bit
0x0086       [0]    LCD_D7_Direction
0x0086       [0]    LCD_RS_Direction
0x0086       [0]    LCD_EN_Direction
0x0086       [0]    TRISB5_bit
0x0087       [1]    TRISC
0x0088       [1]    TRISD
0x00A0       [8]    main_color_L0
0x00A8       [2]    main_flag3_L0
0x00AA       [2]    main_on_off_L0
0x00AC       [2]    FARG_IntToStr_input
0x00AC       [1]    FARG_Lcd_Out_row
0x00AD       [1]    FARG_Lcd_Out_column
0x00AE       [1]    FARG_Lcd_Out_text
0x00AE       [1]    FARG_IntToStr_output
0x00AF       [2]    IntToStr_i_L0
0x00B1       [2]    IntToStr_negative_L0
0x00B3       [2]    IntToStr_inword_L0
0x00B5       [1]    FARG_Lcd_Chr_CP_out_char
0x00B5       [2]    FARG_WordToStr_input
0x00B7       [1]    FARG_WordToStr_output
0x00B8       [1]    WordToStr_len_L0
0x00B9       [1]    FLOC__WordToStr
0x00BA       [1]    FARG_Lcd_Cmd_out_char
//** Constants locations ** 
//ADDRESS    SIZE    CONSTANT
//----------------------------------------------
0x0330      [14]    ?ICS?lstr3_color_32mixer
0x033E      [13]    ?ICS?lstr2_color_32mixer
0x034B      [14]    ?ICS?lstr4_color_32mixer
0x0359      [12]    ?ICS?lstr1_color_32mixer
