;  LST file generated by mikroListExporter - v.2.0 
; Date/Time: 10/10/2020 10:19:31 PM
;----------------------------------------------

;Address Opcode 	ASM
0x0000	0x2817      	GOTO       23
_interrupt:
0x0004	0x00FF      	MOVWF      R15
0x0005	0x0E03      	SWAPF      STATUS, 0
0x0006	0x0183      	CLRF       STATUS
0x0007	0x00A3      	MOVWF      ___saveSTATUS
0x0008	0x080A      	MOVF       PCLATH, 0
0x0009	0x00A2      	MOVWF      ___savePCLATH
0x000A	0x018A      	CLRF       PCLATH
;MyProject.c,1 :: 		void interrupt()
;MyProject.c,3 :: 		if(intcon.b2==1)
0x000B	0x1D0B      	BTFSS      INTCON, 2
0x000C	0x2810      	GOTO       L_interrupt0
;MyProject.c,5 :: 		portd.b0=~portd.b0;
0x000D	0x3001      	MOVLW      1
0x000E	0x0688      	XORWF      PORTD, 1
;MyProject.c,6 :: 		intcon.b2=0;
0x000F	0x110B      	BCF        INTCON, 2
;MyProject.c,7 :: 		}
L_interrupt0:
;MyProject.c,8 :: 		}
L_end_interrupt:
L__interrupt4:
0x0010	0x0822      	MOVF       ___savePCLATH, 0
0x0011	0x008A      	MOVWF      PCLATH
0x0012	0x0E23      	SWAPF      ___saveSTATUS, 0
0x0013	0x0083      	MOVWF      STATUS
0x0014	0x0EFF      	SWAPF      R15, 1
0x0015	0x0E7F      	SWAPF      R15, 0
0x0016	0x0009      	RETFIE
; end of _interrupt
_main:
;MyProject.c,9 :: 		void main() {
;MyProject.c,10 :: 		trisd=0;
0x0017	0x1683      	BSF        STATUS, 5
0x0018	0x1303      	BCF        STATUS, 6
0x0019	0x0188      	CLRF       TRISD
;MyProject.c,11 :: 		portd=0;
0x001A	0x1283      	BCF        STATUS, 5
0x001B	0x0188      	CLRF       PORTD
;MyProject.c,12 :: 		option_reg.b5=0;
0x001C	0x1683      	BSF        STATUS, 5
0x001D	0x1281      	BCF        OPTION_REG, 5
;MyProject.c,13 :: 		option_reg.b3=0;
0x001E	0x1181      	BCF        OPTION_REG, 3
;MyProject.c,14 :: 		option_reg.b2=1;
0x001F	0x1501      	BSF        OPTION_REG, 2
;MyProject.c,15 :: 		option_reg.b1=1;
0x0020	0x1481      	BSF        OPTION_REG, 1
;MyProject.c,16 :: 		option_reg.b0=1;
0x0021	0x1401      	BSF        OPTION_REG, 0
;MyProject.c,17 :: 		intcon.b7=1;
0x0022	0x178B      	BSF        INTCON, 7
;MyProject.c,18 :: 		intcon.b6=1;
0x0023	0x170B      	BSF        INTCON, 6
;MyProject.c,19 :: 		intcon.b5=1;
0x0024	0x168B      	BSF        INTCON, 5
;MyProject.c,20 :: 		intcon.b2=0;
0x0025	0x110B      	BCF        INTCON, 2
;MyProject.c,21 :: 		tmr0=61;
0x0026	0x303D      	MOVLW      61
0x0027	0x1283      	BCF        STATUS, 5
0x0028	0x0081      	MOVWF      TMR0
;MyProject.c,22 :: 		while(1){}
L_main1:
0x0029	0x2829      	GOTO       L_main1
;MyProject.c,24 :: 		}
L_end_main:
0x002A	0x282A      	GOTO       $+0
; end of _main
Symbol List:
//** Routines locations **
//ADDRESS    SIZE    PROCEDURE
//----------------------------------------------
0x0004      [19]    _interrupt
0x0017      [20]    _main
//** Variables locations ** 
//ADDRESS    SIZE    VARIABLE
//----------------------------------------------
0x0000       [1]    INDF
0x0001       [1]    TMR0
0x0003       [1]    STATUS
0x0004       [1]    FSR
0x0008       [1]    PORTD
0x000A       [1]    PCLATH
0x000B       [1]    INTCON
0x0020       [2]    ___DoICPAddr
0x0022       [1]    ___savePCLATH
0x0023       [1]    ___saveSTATUS
0x0070       [1]    R0
0x0071       [1]    R1
0x0072       [1]    R2
0x0073       [1]    R3
0x0074       [1]    R4
0x0075       [1]    R5
0x0076       [1]    R6
0x0077       [1]    R7
0x0078       [1]    R8
0x0079       [1]    R9
0x007A       [1]    R10
0x007B       [1]    R11
0x007C       [1]    R12
0x007D       [1]    R13
0x007E       [1]    R14
0x007F       [1]    R15
0x0081       [1]    OPTION_REG
0x0088       [1]    TRISD
